ARM GAS  C:\Users\BEATRI~1\AppData\Local\Temp\ccWN2MyM.s 			page 1


   1              		.syntax unified
   2              		.cpu cortex-m3
   3              		.fpu softvfp
   4              		.eabi_attribute 20, 1
   5              		.eabi_attribute 21, 1
   6              		.eabi_attribute 23, 3
   7              		.eabi_attribute 24, 1
   8              		.eabi_attribute 25, 1
   9              		.eabi_attribute 26, 1
  10              		.eabi_attribute 30, 1
  11              		.eabi_attribute 34, 1
  12              		.eabi_attribute 18, 4
  13              		.thumb
  14              		.syntax unified
  15              		.file	"main.c"
  16              		.text
  17              	.Ltext0:
  18              		.cfi_sections	.debug_frame
  19              		.section	.text.main,"ax",%progbits
  20              		.align	2
  21              		.global	main
  22              		.thumb
  23              		.thumb_func
  24              		.type	main, %function
  25              	main:
  26              	.LFB64:
  27              		.file 1 "main.c"
   1:main.c        **** /**
   2:main.c        **** * \brief Main source file for the I2C-Master project 2.
   3:main.c        **** *
   4:main.c        **** * In this project we set up a I2C master device with
   5:main.c        **** * to understand the I2C protocol and communicate with a
   6:main.c        **** * a I2C Slave device (LIS3DH Accelerometer).
   7:main.c        **** *
   8:main.c        **** * \author Beatrice Bonomi
   9:main.c        **** * \date april 27, 2020
  10:main.c        **** */
  11:main.c        **** 
  12:main.c        **** /* Include header files */
  13:main.c        **** #include "I2C_Interface.h"
  14:main.c        **** #include "project.h"
  15:main.c        **** #include "stdio.h"
  16:main.c        **** #include "registers.h"
  17:main.c        **** 
  18:main.c        **** 
  19:main.c        **** int main(void)
  20:main.c        **** {
  28              		.loc 1 20 0
  29              		.cfi_startproc
  30              		@ args = 0, pretend = 0, frame = 56
  31              		@ frame_needed = 0, uses_anonymous_args = 0
  32 0000 10B5     		push	{r4, lr}
  33              		.cfi_def_cfa_offset 8
  34              		.cfi_offset 4, -8
  35              		.cfi_offset 14, -4
  36 0002 8EB0     		sub	sp, sp, #56
  37              		.cfi_def_cfa_offset 64
ARM GAS  C:\Users\BEATRI~1\AppData\Local\Temp\ccWN2MyM.s 			page 2


  21:main.c        ****     CyGlobalIntEnable; /* Enable global interrupts. */
  38              		.loc 1 21 0
  39              		.syntax unified
  40              	@ 21 "main.c" 1
  41 0004 62B6     		CPSIE   i
  42              	@ 0 "" 2
  22:main.c        **** 
  23:main.c        ****     I2C_Peripheral_Start();
  43              		.loc 1 23 0
  44              		.thumb
  45              		.syntax unified
  46 0006 FFF7FEFF 		bl	I2C_Peripheral_Start
  47              	.LVL0:
  24:main.c        ****     UART_Debug_Start();
  48              		.loc 1 24 0
  49 000a FFF7FEFF 		bl	UART_Debug_Start
  50              	.LVL1:
  25:main.c        ****     
  26:main.c        ****     CyDelay(5); /* "The boot procedure is complete about 5 milliseconds after device power-up." */
  51              		.loc 1 26 0
  52 000e 0520     		movs	r0, #5
  53 0010 FFF7FEFF 		bl	CyDelay
  54              	.LVL2:
  55              	.LBB2:
  27:main.c        ****     
  28:main.c        ****     /* String to print out messages on the UART */
  29:main.c        ****     char message[50];
  30:main.c        ****     
  31:main.c        ****     ErrorCode error;
  32:main.c        **** 
  33:main.c        ****     /* Check which devices are present on the I2C bus */
  34:main.c        ****     for (int i = 0 ; i < 128; i++)
  56              		.loc 1 34 0
  57 0014 0024     		movs	r4, #0
  58 0016 0CE0     		b	.L2
  59              	.LVL3:
  60              	.L4:
  35:main.c        ****     {
  36:main.c        ****         if (I2C_Peripheral_IsDeviceConnected(i))
  61              		.loc 1 36 0
  62 0018 E0B2     		uxtb	r0, r4
  63 001a FFF7FEFF 		bl	I2C_Peripheral_IsDeviceConnected
  64              	.LVL4:
  65 001e 38B1     		cbz	r0, .L3
  37:main.c        ****         {
  38:main.c        ****             // print out the address is hex format
  39:main.c        ****             sprintf(message, "Device 0x%02X is connected\r\n", i);
  66              		.loc 1 39 0
  67 0020 2246     		mov	r2, r4
  68 0022 4949     		ldr	r1, .L18
  69 0024 01A8     		add	r0, sp, #4
  70 0026 FFF7FEFF 		bl	sprintf
  71              	.LVL5:
  40:main.c        ****             UART_Debug_PutString(message); 
  72              		.loc 1 40 0
  73 002a 01A8     		add	r0, sp, #4
  74 002c FFF7FEFF 		bl	UART_Debug_PutString
ARM GAS  C:\Users\BEATRI~1\AppData\Local\Temp\ccWN2MyM.s 			page 3


  75              	.LVL6:
  76              	.L3:
  34:main.c        ****     {
  77              		.loc 1 34 0 discriminator 2
  78 0030 0134     		adds	r4, r4, #1
  79              	.LVL7:
  80              	.L2:
  34:main.c        ****     {
  81              		.loc 1 34 0 is_stmt 0 discriminator 1
  82 0032 7F2C     		cmp	r4, #127
  83 0034 F0DD     		ble	.L4
  84              	.LBE2:
  41:main.c        ****         }
  42:main.c        ****         
  43:main.c        ****     }
  44:main.c        ****     
  45:main.c        ****     /* Configuration of control registers 1 and 4 to output 3 Axis accelerometer data in Normal Mod
  46:main.c        ****     /* See registers.h for single bits meaning */
  47:main.c        ****     
  48:main.c        ****     /* Read Control Register 1 */
  49:main.c        ****     uint8_t ctrl_reg1; 
  50:main.c        ****     error = I2C_Peripheral_ReadRegister(LIS3DH_DEVICE_ADDRESS,
  85              		.loc 1 50 0 is_stmt 1
  86 0036 0DF10302 		add	r2, sp, #3
  87 003a 2021     		movs	r1, #32
  88 003c 1820     		movs	r0, #24
  89 003e FFF7FEFF 		bl	I2C_Peripheral_ReadRegister
  90              	.LVL8:
  51:main.c        ****                                         CTRL_REG_1_ADDR,
  52:main.c        ****                                         &ctrl_reg1);
  53:main.c        ****     
  54:main.c        ****     if (error == NO_ERROR)
  91              		.loc 1 54 0
  92 0042 48B9     		cbnz	r0, .L5
  55:main.c        ****     {
  56:main.c        ****         sprintf(message, "CONTROL REGISTER 1: 0x%02X\r\n", ctrl_reg1);
  93              		.loc 1 56 0
  94 0044 9DF80320 		ldrb	r2, [sp, #3]	@ zero_extendqisi2
  95 0048 4049     		ldr	r1, .L18+4
  96 004a 01A8     		add	r0, sp, #4
  97              	.LVL9:
  98 004c FFF7FEFF 		bl	sprintf
  99              	.LVL10:
  57:main.c        ****         UART_Debug_PutString(message); 
 100              		.loc 1 57 0
 101 0050 01A8     		add	r0, sp, #4
 102 0052 FFF7FEFF 		bl	UART_Debug_PutString
 103              	.LVL11:
 104 0056 02E0     		b	.L6
 105              	.LVL12:
 106              	.L5:
  58:main.c        ****     }
  59:main.c        ****     else
  60:main.c        ****     {
  61:main.c        ****         UART_Debug_PutString("Error occurred during I2C comm to read control register 1\r\n");   
 107              		.loc 1 61 0
 108 0058 3D48     		ldr	r0, .L18+8
ARM GAS  C:\Users\BEATRI~1\AppData\Local\Temp\ccWN2MyM.s 			page 4


 109              	.LVL13:
 110 005a FFF7FEFF 		bl	UART_Debug_PutString
 111              	.LVL14:
 112              	.L6:
  62:main.c        ****     }
  63:main.c        ****     
  64:main.c        ****     /* Write Control Register 1 */
  65:main.c        ****     if (ctrl_reg1 != CTRL_REG_1_CONTENT)
 113              		.loc 1 65 0
 114 005e 9DF80330 		ldrb	r3, [sp, #3]	@ zero_extendqisi2
 115 0062 572B     		cmp	r3, #87
 116 0064 2BD0     		beq	.L7
  66:main.c        ****     {
  67:main.c        ****         UART_Debug_PutString("\r\nWriting new values..\r\n");
 117              		.loc 1 67 0
 118 0066 3B48     		ldr	r0, .L18+12
 119 0068 FFF7FEFF 		bl	UART_Debug_PutString
 120              	.LVL15:
  68:main.c        ****         
  69:main.c        ****         ctrl_reg1 = CTRL_REG_1_CONTENT;
 121              		.loc 1 69 0
 122 006c 5722     		movs	r2, #87
 123 006e 8DF80320 		strb	r2, [sp, #3]
  70:main.c        ****     
  71:main.c        ****         error = I2C_Peripheral_WriteRegister(LIS3DH_DEVICE_ADDRESS,
 124              		.loc 1 71 0
 125 0072 2021     		movs	r1, #32
 126 0074 1820     		movs	r0, #24
 127 0076 FFF7FEFF 		bl	I2C_Peripheral_WriteRegister
 128              	.LVL16:
  72:main.c        ****                                              CTRL_REG_1_ADDR,
  73:main.c        ****                                              ctrl_reg1);
  74:main.c        ****     
  75:main.c        ****         if (error == NO_ERROR)
 129              		.loc 1 75 0
 130 007a 48B9     		cbnz	r0, .L8
  76:main.c        ****         {
  77:main.c        ****             sprintf(message, "CONTROL REGISTER 1 successfully written as: 0x%02X\r\n", ctrl_reg1);
 131              		.loc 1 77 0
 132 007c 9DF80320 		ldrb	r2, [sp, #3]	@ zero_extendqisi2
 133 0080 3549     		ldr	r1, .L18+16
 134 0082 01A8     		add	r0, sp, #4
 135              	.LVL17:
 136 0084 FFF7FEFF 		bl	sprintf
 137              	.LVL18:
  78:main.c        ****             UART_Debug_PutString(message); 
 138              		.loc 1 78 0
 139 0088 01A8     		add	r0, sp, #4
 140 008a FFF7FEFF 		bl	UART_Debug_PutString
 141              	.LVL19:
 142 008e 02E0     		b	.L9
 143              	.LVL20:
 144              	.L8:
  79:main.c        ****         }
  80:main.c        ****         else
  81:main.c        ****         {
  82:main.c        ****             UART_Debug_PutString("Error occurred during I2C comm to set control register 1\r\n");  
ARM GAS  C:\Users\BEATRI~1\AppData\Local\Temp\ccWN2MyM.s 			page 5


 145              		.loc 1 82 0
 146 0090 3248     		ldr	r0, .L18+20
 147              	.LVL21:
 148 0092 FFF7FEFF 		bl	UART_Debug_PutString
 149              	.LVL22:
 150              	.L9:
  83:main.c        ****         }
  84:main.c        ****     
  85:main.c        ****     
  86:main.c        ****         /* Read Control Register 1 again to check for correct writing    */
  87:main.c        ****         error = I2C_Peripheral_ReadRegister(LIS3DH_DEVICE_ADDRESS,
 151              		.loc 1 87 0
 152 0096 0DF10302 		add	r2, sp, #3
 153 009a 2021     		movs	r1, #32
 154 009c 1820     		movs	r0, #24
 155 009e FFF7FEFF 		bl	I2C_Peripheral_ReadRegister
 156              	.LVL23:
  88:main.c        ****                                             CTRL_REG_1_ADDR,
  89:main.c        ****                                             &ctrl_reg1);
  90:main.c        ****         
  91:main.c        ****         if (error == NO_ERROR)
 157              		.loc 1 91 0
 158 00a2 48B9     		cbnz	r0, .L10
  92:main.c        ****         {
  93:main.c        ****             sprintf(message, "CONTROL REGISTER 1 after overwrite operation: 0x%02X\r\n", ctrl_reg1)
 159              		.loc 1 93 0
 160 00a4 9DF80320 		ldrb	r2, [sp, #3]	@ zero_extendqisi2
 161 00a8 2D49     		ldr	r1, .L18+24
 162 00aa 01A8     		add	r0, sp, #4
 163              	.LVL24:
 164 00ac FFF7FEFF 		bl	sprintf
 165              	.LVL25:
  94:main.c        ****             UART_Debug_PutString(message); 
 166              		.loc 1 94 0
 167 00b0 01A8     		add	r0, sp, #4
 168 00b2 FFF7FEFF 		bl	UART_Debug_PutString
 169              	.LVL26:
 170 00b6 02E0     		b	.L7
 171              	.LVL27:
 172              	.L10:
  95:main.c        ****         }
  96:main.c        ****         else
  97:main.c        ****         {
  98:main.c        ****             UART_Debug_PutString("Error occurred during I2C comm to read control register 1\r\n"); 
 173              		.loc 1 98 0
 174 00b8 2548     		ldr	r0, .L18+8
 175              	.LVL28:
 176 00ba FFF7FEFF 		bl	UART_Debug_PutString
 177              	.LVL29:
 178              	.L7:
  99:main.c        ****         }
 100:main.c        ****     }
 101:main.c        ****     
 102:main.c        ****     /* Read Control Register 4 */
 103:main.c        ****     uint8_t ctrl_reg4; 
 104:main.c        ****     error = I2C_Peripheral_ReadRegister(LIS3DH_DEVICE_ADDRESS,
 179              		.loc 1 104 0
ARM GAS  C:\Users\BEATRI~1\AppData\Local\Temp\ccWN2MyM.s 			page 6


 180 00be 0DF10202 		add	r2, sp, #2
 181 00c2 2321     		movs	r1, #35
 182 00c4 1820     		movs	r0, #24
 183 00c6 FFF7FEFF 		bl	I2C_Peripheral_ReadRegister
 184              	.LVL30:
 105:main.c        ****                                         CTRL_REG_4_ADDR,
 106:main.c        ****                                         &ctrl_reg4);
 107:main.c        ****     
 108:main.c        ****     if (error == NO_ERROR)
 185              		.loc 1 108 0
 186 00ca 48B9     		cbnz	r0, .L11
 109:main.c        ****     {
 110:main.c        ****         sprintf(message, "CONTROL REGISTER 4: 0x%02X\r\n", ctrl_reg4);
 187              		.loc 1 110 0
 188 00cc 9DF80220 		ldrb	r2, [sp, #2]	@ zero_extendqisi2
 189 00d0 2449     		ldr	r1, .L18+28
 190 00d2 01A8     		add	r0, sp, #4
 191              	.LVL31:
 192 00d4 FFF7FEFF 		bl	sprintf
 193              	.LVL32:
 111:main.c        ****         UART_Debug_PutString(message); 
 194              		.loc 1 111 0
 195 00d8 01A8     		add	r0, sp, #4
 196 00da FFF7FEFF 		bl	UART_Debug_PutString
 197              	.LVL33:
 198 00de 02E0     		b	.L12
 199              	.LVL34:
 200              	.L11:
 112:main.c        ****     }
 113:main.c        ****     else
 114:main.c        ****     {
 115:main.c        ****         UART_Debug_PutString("Error occurred during I2C comm to read control register 4\r\n");   
 201              		.loc 1 115 0
 202 00e0 2148     		ldr	r0, .L18+32
 203              	.LVL35:
 204 00e2 FFF7FEFF 		bl	UART_Debug_PutString
 205              	.LVL36:
 206              	.L12:
 116:main.c        ****     }
 117:main.c        ****     
 118:main.c        ****     /* Write Control Register 4 */    
 119:main.c        ****     if (ctrl_reg4 != CTRL_REG_4_CONTENT)
 207              		.loc 1 119 0
 208 00e6 9DF80230 		ldrb	r3, [sp, #2]	@ zero_extendqisi2
 209 00ea 5BB3     		cbz	r3, .L13
 120:main.c        ****     {
 121:main.c        ****         UART_Debug_PutString("\r\nWriting new values..\r\n");
 210              		.loc 1 121 0
 211 00ec 1948     		ldr	r0, .L18+12
 212 00ee FFF7FEFF 		bl	UART_Debug_PutString
 213              	.LVL37:
 122:main.c        ****         
 123:main.c        ****         ctrl_reg4 = CTRL_REG_4_CONTENT;
 214              		.loc 1 123 0
 215 00f2 0022     		movs	r2, #0
 216 00f4 8DF80220 		strb	r2, [sp, #2]
 124:main.c        ****     
ARM GAS  C:\Users\BEATRI~1\AppData\Local\Temp\ccWN2MyM.s 			page 7


 125:main.c        ****         error = I2C_Peripheral_WriteRegister(LIS3DH_DEVICE_ADDRESS,
 217              		.loc 1 125 0
 218 00f8 2321     		movs	r1, #35
 219 00fa 1820     		movs	r0, #24
 220 00fc FFF7FEFF 		bl	I2C_Peripheral_WriteRegister
 221              	.LVL38:
 126:main.c        ****                                              CTRL_REG_4_ADDR,
 127:main.c        ****                                              ctrl_reg4);
 128:main.c        ****     
 129:main.c        ****         if (error == NO_ERROR)
 222              		.loc 1 129 0
 223 0100 48B9     		cbnz	r0, .L14
 130:main.c        ****         {
 131:main.c        ****             sprintf(message, "CONTROL REGISTER 4 successfully written as: 0x%02X\r\n", ctrl_reg4);
 224              		.loc 1 131 0
 225 0102 9DF80220 		ldrb	r2, [sp, #2]	@ zero_extendqisi2
 226 0106 1949     		ldr	r1, .L18+36
 227 0108 01A8     		add	r0, sp, #4
 228              	.LVL39:
 229 010a FFF7FEFF 		bl	sprintf
 230              	.LVL40:
 132:main.c        ****             UART_Debug_PutString(message); 
 231              		.loc 1 132 0
 232 010e 01A8     		add	r0, sp, #4
 233 0110 FFF7FEFF 		bl	UART_Debug_PutString
 234              	.LVL41:
 235 0114 02E0     		b	.L15
 236              	.LVL42:
 237              	.L14:
 133:main.c        ****         }
 134:main.c        ****         else
 135:main.c        ****         {
 136:main.c        ****             UART_Debug_PutString("Error occurred during I2C comm to set control register 4\r\n");  
 238              		.loc 1 136 0
 239 0116 1648     		ldr	r0, .L18+40
 240              	.LVL43:
 241 0118 FFF7FEFF 		bl	UART_Debug_PutString
 242              	.LVL44:
 243              	.L15:
 137:main.c        ****         }
 138:main.c        ****     
 139:main.c        ****     
 140:main.c        ****         /* Read Control Register 4 again to check for correct writing    */
 141:main.c        ****         error = I2C_Peripheral_ReadRegister(LIS3DH_DEVICE_ADDRESS,
 244              		.loc 1 141 0
 245 011c 0DF10202 		add	r2, sp, #2
 246 0120 2321     		movs	r1, #35
 247 0122 1820     		movs	r0, #24
 248 0124 FFF7FEFF 		bl	I2C_Peripheral_ReadRegister
 249              	.LVL45:
 142:main.c        ****                                             CTRL_REG_4_ADDR,
 143:main.c        ****                                             &ctrl_reg4);
 144:main.c        ****         
 145:main.c        ****         if (error == NO_ERROR)
 250              		.loc 1 145 0
 251 0128 48B9     		cbnz	r0, .L16
 146:main.c        ****         {
ARM GAS  C:\Users\BEATRI~1\AppData\Local\Temp\ccWN2MyM.s 			page 8


 147:main.c        ****             sprintf(message, "CONTROL REGISTER 4 after overwrite operation: 0x%02X\r\n", ctrl_reg4)
 252              		.loc 1 147 0
 253 012a 9DF80220 		ldrb	r2, [sp, #2]	@ zero_extendqisi2
 254 012e 1149     		ldr	r1, .L18+44
 255 0130 01A8     		add	r0, sp, #4
 256              	.LVL46:
 257 0132 FFF7FEFF 		bl	sprintf
 258              	.LVL47:
 148:main.c        ****             UART_Debug_PutString(message); 
 259              		.loc 1 148 0
 260 0136 01A8     		add	r0, sp, #4
 261 0138 FFF7FEFF 		bl	UART_Debug_PutString
 262              	.LVL48:
 263 013c 02E0     		b	.L13
 264              	.LVL49:
 265              	.L16:
 149:main.c        ****         }
 150:main.c        ****         else
 151:main.c        ****         {
 152:main.c        ****             UART_Debug_PutString("Error occurred during I2C comm to read control register 4\r\n"); 
 266              		.loc 1 152 0
 267 013e 0A48     		ldr	r0, .L18+32
 268              	.LVL50:
 269 0140 FFF7FEFF 		bl	UART_Debug_PutString
 270              	.LVL51:
 271              	.L13:
 272 0144 FEE7     		b	.L13
 273              	.L19:
 274 0146 00BF     		.align	2
 275              	.L18:
 276 0148 00000000 		.word	.LC0
 277 014c 20000000 		.word	.LC1
 278 0150 40000000 		.word	.LC2
 279 0154 7C000000 		.word	.LC3
 280 0158 98000000 		.word	.LC4
 281 015c D0000000 		.word	.LC5
 282 0160 0C010000 		.word	.LC6
 283 0164 44010000 		.word	.LC7
 284 0168 64010000 		.word	.LC8
 285 016c A0010000 		.word	.LC9
 286 0170 D8010000 		.word	.LC10
 287 0174 14020000 		.word	.LC11
 288              		.cfi_endproc
 289              	.LFE64:
 290              		.size	main, .-main
 291              		.section	.rodata.str1.4,"aMS",%progbits,1
 292              		.align	2
 293              	.LC0:
 294 0000 44657669 		.ascii	"Device 0x%02X is connected\015\012\000"
 294      63652030 
 294      78253032 
 294      58206973 
 294      20636F6E 
 295 001d 000000   		.space	3
 296              	.LC1:
 297 0020 434F4E54 		.ascii	"CONTROL REGISTER 1: 0x%02X\015\012\000"
 297      524F4C20 
ARM GAS  C:\Users\BEATRI~1\AppData\Local\Temp\ccWN2MyM.s 			page 9


 297      52454749 
 297      53544552 
 297      20313A20 
 298 003d 000000   		.space	3
 299              	.LC2:
 300 0040 4572726F 		.ascii	"Error occurred during I2C comm to read control regi"
 300      72206F63 
 300      63757272 
 300      65642064 
 300      7572696E 
 301 0073 73746572 		.ascii	"ster 1\015\012\000"
 301      20310D0A 
 301      00
 302              	.LC3:
 303 007c 0D0A5772 		.ascii	"\015\012Writing new values..\015\012\000"
 303      6974696E 
 303      67206E65 
 303      77207661 
 303      6C756573 
 304 0095 000000   		.space	3
 305              	.LC4:
 306 0098 434F4E54 		.ascii	"CONTROL REGISTER 1 successfully written as: 0x%02X\015"
 306      524F4C20 
 306      52454749 
 306      53544552 
 306      20312073 
 307 00cb 0A00     		.ascii	"\012\000"
 308 00cd 000000   		.space	3
 309              	.LC5:
 310 00d0 4572726F 		.ascii	"Error occurred during I2C comm to set control regis"
 310      72206F63 
 310      63757272 
 310      65642064 
 310      7572696E 
 311 0103 74657220 		.ascii	"ter 1\015\012\000"
 311      310D0A00 
 312 010b 00       		.space	1
 313              	.LC6:
 314 010c 434F4E54 		.ascii	"CONTROL REGISTER 1 after overwrite operation: 0x%02"
 314      524F4C20 
 314      52454749 
 314      53544552 
 314      20312061 
 315 013f 580D0A00 		.ascii	"X\015\012\000"
 316 0143 00       		.space	1
 317              	.LC7:
 318 0144 434F4E54 		.ascii	"CONTROL REGISTER 4: 0x%02X\015\012\000"
 318      524F4C20 
 318      52454749 
 318      53544552 
 318      20343A20 
 319 0161 000000   		.space	3
 320              	.LC8:
 321 0164 4572726F 		.ascii	"Error occurred during I2C comm to read control regi"
 321      72206F63 
 321      63757272 
 321      65642064 
ARM GAS  C:\Users\BEATRI~1\AppData\Local\Temp\ccWN2MyM.s 			page 10


 321      7572696E 
 322 0197 73746572 		.ascii	"ster 4\015\012\000"
 322      20340D0A 
 322      00
 323              	.LC9:
 324 01a0 434F4E54 		.ascii	"CONTROL REGISTER 4 successfully written as: 0x%02X\015"
 324      524F4C20 
 324      52454749 
 324      53544552 
 324      20342073 
 325 01d3 0A00     		.ascii	"\012\000"
 326 01d5 000000   		.space	3
 327              	.LC10:
 328 01d8 4572726F 		.ascii	"Error occurred during I2C comm to set control regis"
 328      72206F63 
 328      63757272 
 328      65642064 
 328      7572696E 
 329 020b 74657220 		.ascii	"ter 4\015\012\000"
 329      340D0A00 
 330 0213 00       		.space	1
 331              	.LC11:
 332 0214 434F4E54 		.ascii	"CONTROL REGISTER 4 after overwrite operation: 0x%02"
 332      524F4C20 
 332      52454749 
 332      53544552 
 332      20342061 
 333 0247 580D0A00 		.ascii	"X\015\012\000"
 334              		.text
 335              	.Letext0:
 336              		.file 2 "c:\\program files (x86)\\cypress\\psoc creator\\4.3\\psoc creator\\import\\gnu\\arm\\5.4.
 337              		.file 3 "c:\\program files (x86)\\cypress\\psoc creator\\4.3\\psoc creator\\import\\gnu\\arm\\5.4.
 338              		.file 4 "ErrorCodes.h"
 339              		.file 5 "I2C_Interface.h"
 340              		.file 6 "c:\\program files (x86)\\cypress\\psoc creator\\4.3\\psoc creator\\import\\gnu\\arm\\5.4.
 341              		.file 7 "Generated_Source\\PSoC5/UART_Debug.h"
 342              		.file 8 "Generated_Source\\PSoC5/CyLib.h"
 343              		.file 9 "Generated_Source\\PSoC5/core_cm3.h"
 344              		.section	.debug_info,"",%progbits
 345              	.Ldebug_info0:
 346 0000 C1040000 		.4byte	0x4c1
 347 0004 0400     		.2byte	0x4
 348 0006 00000000 		.4byte	.Ldebug_abbrev0
 349 000a 04       		.byte	0x4
 350 000b 01       		.uleb128 0x1
 351 000c 64000000 		.4byte	.LASF33
 352 0010 0C       		.byte	0xc
 353 0011 47020000 		.4byte	.LASF34
 354 0015 62010000 		.4byte	.LASF35
 355 0019 00000000 		.4byte	.Ldebug_ranges0+0
 356 001d 00000000 		.4byte	0
 357 0021 00000000 		.4byte	.Ldebug_line0
 358 0025 02       		.uleb128 0x2
 359 0026 01       		.byte	0x1
 360 0027 06       		.byte	0x6
 361 0028 94020000 		.4byte	.LASF0
 362 002c 03       		.uleb128 0x3
ARM GAS  C:\Users\BEATRI~1\AppData\Local\Temp\ccWN2MyM.s 			page 11


 363 002d 08000000 		.4byte	.LASF4
 364 0031 02       		.byte	0x2
 365 0032 1D       		.byte	0x1d
 366 0033 37000000 		.4byte	0x37
 367 0037 02       		.uleb128 0x2
 368 0038 01       		.byte	0x1
 369 0039 08       		.byte	0x8
 370 003a 56000000 		.4byte	.LASF1
 371 003e 02       		.uleb128 0x2
 372 003f 02       		.byte	0x2
 373 0040 05       		.byte	0x5
 374 0041 6F020000 		.4byte	.LASF2
 375 0045 02       		.uleb128 0x2
 376 0046 02       		.byte	0x2
 377 0047 07       		.byte	0x7
 378 0048 04010000 		.4byte	.LASF3
 379 004c 03       		.uleb128 0x3
 380 004d 33000000 		.4byte	.LASF5
 381 0051 02       		.byte	0x2
 382 0052 3F       		.byte	0x3f
 383 0053 57000000 		.4byte	0x57
 384 0057 02       		.uleb128 0x2
 385 0058 04       		.byte	0x4
 386 0059 05       		.byte	0x5
 387 005a 3D000000 		.4byte	.LASF6
 388 005e 02       		.uleb128 0x2
 389 005f 04       		.byte	0x4
 390 0060 07       		.byte	0x7
 391 0061 F2000000 		.4byte	.LASF7
 392 0065 02       		.uleb128 0x2
 393 0066 08       		.byte	0x8
 394 0067 05       		.byte	0x5
 395 0068 28020000 		.4byte	.LASF8
 396 006c 02       		.uleb128 0x2
 397 006d 08       		.byte	0x8
 398 006e 07       		.byte	0x7
 399 006f F2010000 		.4byte	.LASF9
 400 0073 04       		.uleb128 0x4
 401 0074 04       		.byte	0x4
 402 0075 05       		.byte	0x5
 403 0076 696E7400 		.ascii	"int\000"
 404 007a 02       		.uleb128 0x2
 405 007b 04       		.byte	0x4
 406 007c 07       		.byte	0x7
 407 007d E5010000 		.4byte	.LASF10
 408 0081 03       		.uleb128 0x3
 409 0082 09020000 		.4byte	.LASF11
 410 0086 03       		.byte	0x3
 411 0087 18       		.byte	0x18
 412 0088 2C000000 		.4byte	0x2c
 413 008c 03       		.uleb128 0x3
 414 008d 11020000 		.4byte	.LASF12
 415 0091 03       		.byte	0x3
 416 0092 2C       		.byte	0x2c
 417 0093 4C000000 		.4byte	0x4c
 418 0097 02       		.uleb128 0x2
 419 0098 04       		.byte	0x4
ARM GAS  C:\Users\BEATRI~1\AppData\Local\Temp\ccWN2MyM.s 			page 12


 420 0099 04       		.byte	0x4
 421 009a 50000000 		.4byte	.LASF13
 422 009e 02       		.uleb128 0x2
 423 009f 08       		.byte	0x8
 424 00a0 04       		.byte	0x4
 425 00a1 24010000 		.4byte	.LASF14
 426 00a5 02       		.uleb128 0x2
 427 00a6 01       		.byte	0x1
 428 00a7 08       		.byte	0x8
 429 00a8 4E020000 		.4byte	.LASF15
 430 00ac 05       		.uleb128 0x5
 431 00ad 01       		.byte	0x1
 432 00ae 37000000 		.4byte	0x37
 433 00b2 04       		.byte	0x4
 434 00b3 15       		.byte	0x15
 435 00b4 C5000000 		.4byte	0xc5
 436 00b8 06       		.uleb128 0x6
 437 00b9 79020000 		.4byte	.LASF16
 438 00bd 00       		.byte	0
 439 00be 06       		.uleb128 0x6
 440 00bf 82020000 		.4byte	.LASF17
 441 00c3 01       		.byte	0x1
 442 00c4 00       		.byte	0
 443 00c5 03       		.uleb128 0x3
 444 00c6 46000000 		.4byte	.LASF18
 445 00ca 04       		.byte	0x4
 446 00cb 18       		.byte	0x18
 447 00cc AC000000 		.4byte	0xac
 448 00d0 02       		.uleb128 0x2
 449 00d1 08       		.byte	0x8
 450 00d2 04       		.byte	0x4
 451 00d3 88020000 		.4byte	.LASF19
 452 00d7 02       		.uleb128 0x2
 453 00d8 04       		.byte	0x4
 454 00d9 07       		.byte	0x7
 455 00da 19020000 		.4byte	.LASF20
 456 00de 07       		.uleb128 0x7
 457 00df 5D010000 		.4byte	.LASF36
 458 00e3 01       		.byte	0x1
 459 00e4 13       		.byte	0x13
 460 00e5 73000000 		.4byte	0x73
 461 00e9 00000000 		.4byte	.LFB64
 462 00ed 78010000 		.4byte	.LFE64-.LFB64
 463 00f1 01       		.uleb128 0x1
 464 00f2 9C       		.byte	0x9c
 465 00f3 4B040000 		.4byte	0x44b
 466 00f7 08       		.uleb128 0x8
 467 00f8 00000000 		.4byte	.LASF21
 468 00fc 01       		.byte	0x1
 469 00fd 1D       		.byte	0x1d
 470 00fe 4B040000 		.4byte	0x44b
 471 0102 02       		.uleb128 0x2
 472 0103 91       		.byte	0x91
 473 0104 44       		.sleb128 -60
 474 0105 09       		.uleb128 0x9
 475 0106 22020000 		.4byte	.LASF22
 476 010a 01       		.byte	0x1
ARM GAS  C:\Users\BEATRI~1\AppData\Local\Temp\ccWN2MyM.s 			page 13


 477 010b 1F       		.byte	0x1f
 478 010c C5000000 		.4byte	0xc5
 479 0110 00000000 		.4byte	.LLST0
 480 0114 08       		.uleb128 0x8
 481 0115 D1010000 		.4byte	.LASF23
 482 0119 01       		.byte	0x1
 483 011a 31       		.byte	0x31
 484 011b 81000000 		.4byte	0x81
 485 011f 02       		.uleb128 0x2
 486 0120 91       		.byte	0x91
 487 0121 43       		.sleb128 -61
 488 0122 08       		.uleb128 0x8
 489 0123 DB010000 		.4byte	.LASF24
 490 0127 01       		.byte	0x1
 491 0128 67       		.byte	0x67
 492 0129 81000000 		.4byte	0x81
 493 012d 02       		.uleb128 0x2
 494 012e 91       		.byte	0x91
 495 012f 42       		.sleb128 -62
 496 0130 0A       		.uleb128 0xa
 497 0131 14000000 		.4byte	.LBB2
 498 0135 22000000 		.4byte	.LBE2-.LBB2
 499 0139 92010000 		.4byte	0x192
 500 013d 0B       		.uleb128 0xb
 501 013e 6900     		.ascii	"i\000"
 502 0140 01       		.byte	0x1
 503 0141 22       		.byte	0x22
 504 0142 73000000 		.4byte	0x73
 505 0146 8C000000 		.4byte	.LLST1
 506 014a 0C       		.uleb128 0xc
 507 014b 1E000000 		.4byte	.LVL4
 508 014f 6C040000 		.4byte	0x46c
 509 0153 5E010000 		.4byte	0x15e
 510 0157 0D       		.uleb128 0xd
 511 0158 01       		.uleb128 0x1
 512 0159 50       		.byte	0x50
 513 015a 02       		.uleb128 0x2
 514 015b 74       		.byte	0x74
 515 015c 00       		.sleb128 0
 516 015d 00       		.byte	0
 517 015e 0C       		.uleb128 0xc
 518 015f 2A000000 		.4byte	.LVL5
 519 0163 77040000 		.4byte	0x477
 520 0167 81010000 		.4byte	0x181
 521 016b 0D       		.uleb128 0xd
 522 016c 01       		.uleb128 0x1
 523 016d 50       		.byte	0x50
 524 016e 02       		.uleb128 0x2
 525 016f 91       		.byte	0x91
 526 0170 44       		.sleb128 -60
 527 0171 0D       		.uleb128 0xd
 528 0172 01       		.uleb128 0x1
 529 0173 51       		.byte	0x51
 530 0174 05       		.uleb128 0x5
 531 0175 03       		.byte	0x3
 532 0176 00000000 		.4byte	.LC0
 533 017a 0D       		.uleb128 0xd
ARM GAS  C:\Users\BEATRI~1\AppData\Local\Temp\ccWN2MyM.s 			page 14


 534 017b 01       		.uleb128 0x1
 535 017c 52       		.byte	0x52
 536 017d 02       		.uleb128 0x2
 537 017e 74       		.byte	0x74
 538 017f 00       		.sleb128 0
 539 0180 00       		.byte	0
 540 0181 0E       		.uleb128 0xe
 541 0182 30000000 		.4byte	.LVL6
 542 0186 82040000 		.4byte	0x482
 543 018a 0D       		.uleb128 0xd
 544 018b 01       		.uleb128 0x1
 545 018c 50       		.byte	0x50
 546 018d 02       		.uleb128 0x2
 547 018e 91       		.byte	0x91
 548 018f 44       		.sleb128 -60
 549 0190 00       		.byte	0
 550 0191 00       		.byte	0
 551 0192 0F       		.uleb128 0xf
 552 0193 0A000000 		.4byte	.LVL0
 553 0197 8D040000 		.4byte	0x48d
 554 019b 0F       		.uleb128 0xf
 555 019c 0E000000 		.4byte	.LVL1
 556 01a0 98040000 		.4byte	0x498
 557 01a4 0C       		.uleb128 0xc
 558 01a5 14000000 		.4byte	.LVL2
 559 01a9 A3040000 		.4byte	0x4a3
 560 01ad B7010000 		.4byte	0x1b7
 561 01b1 0D       		.uleb128 0xd
 562 01b2 01       		.uleb128 0x1
 563 01b3 50       		.byte	0x50
 564 01b4 01       		.uleb128 0x1
 565 01b5 35       		.byte	0x35
 566 01b6 00       		.byte	0
 567 01b7 0C       		.uleb128 0xc
 568 01b8 42000000 		.4byte	.LVL8
 569 01bc AE040000 		.4byte	0x4ae
 570 01c0 D6010000 		.4byte	0x1d6
 571 01c4 0D       		.uleb128 0xd
 572 01c5 01       		.uleb128 0x1
 573 01c6 50       		.byte	0x50
 574 01c7 01       		.uleb128 0x1
 575 01c8 48       		.byte	0x48
 576 01c9 0D       		.uleb128 0xd
 577 01ca 01       		.uleb128 0x1
 578 01cb 51       		.byte	0x51
 579 01cc 02       		.uleb128 0x2
 580 01cd 08       		.byte	0x8
 581 01ce 20       		.byte	0x20
 582 01cf 0D       		.uleb128 0xd
 583 01d0 01       		.uleb128 0x1
 584 01d1 52       		.byte	0x52
 585 01d2 02       		.uleb128 0x2
 586 01d3 91       		.byte	0x91
 587 01d4 43       		.sleb128 -61
 588 01d5 00       		.byte	0
 589 01d6 0C       		.uleb128 0xc
 590 01d7 50000000 		.4byte	.LVL10
ARM GAS  C:\Users\BEATRI~1\AppData\Local\Temp\ccWN2MyM.s 			page 15


 591 01db 77040000 		.4byte	0x477
 592 01df F3010000 		.4byte	0x1f3
 593 01e3 0D       		.uleb128 0xd
 594 01e4 01       		.uleb128 0x1
 595 01e5 50       		.byte	0x50
 596 01e6 02       		.uleb128 0x2
 597 01e7 91       		.byte	0x91
 598 01e8 44       		.sleb128 -60
 599 01e9 0D       		.uleb128 0xd
 600 01ea 01       		.uleb128 0x1
 601 01eb 51       		.byte	0x51
 602 01ec 05       		.uleb128 0x5
 603 01ed 03       		.byte	0x3
 604 01ee 20000000 		.4byte	.LC1
 605 01f2 00       		.byte	0
 606 01f3 0C       		.uleb128 0xc
 607 01f4 56000000 		.4byte	.LVL11
 608 01f8 82040000 		.4byte	0x482
 609 01fc 07020000 		.4byte	0x207
 610 0200 0D       		.uleb128 0xd
 611 0201 01       		.uleb128 0x1
 612 0202 50       		.byte	0x50
 613 0203 02       		.uleb128 0x2
 614 0204 91       		.byte	0x91
 615 0205 44       		.sleb128 -60
 616 0206 00       		.byte	0
 617 0207 0C       		.uleb128 0xc
 618 0208 5E000000 		.4byte	.LVL14
 619 020c 82040000 		.4byte	0x482
 620 0210 1E020000 		.4byte	0x21e
 621 0214 0D       		.uleb128 0xd
 622 0215 01       		.uleb128 0x1
 623 0216 50       		.byte	0x50
 624 0217 05       		.uleb128 0x5
 625 0218 03       		.byte	0x3
 626 0219 40000000 		.4byte	.LC2
 627 021d 00       		.byte	0
 628 021e 0C       		.uleb128 0xc
 629 021f 6C000000 		.4byte	.LVL15
 630 0223 82040000 		.4byte	0x482
 631 0227 35020000 		.4byte	0x235
 632 022b 0D       		.uleb128 0xd
 633 022c 01       		.uleb128 0x1
 634 022d 50       		.byte	0x50
 635 022e 05       		.uleb128 0x5
 636 022f 03       		.byte	0x3
 637 0230 7C000000 		.4byte	.LC3
 638 0234 00       		.byte	0
 639 0235 0C       		.uleb128 0xc
 640 0236 7A000000 		.4byte	.LVL16
 641 023a B9040000 		.4byte	0x4b9
 642 023e 54020000 		.4byte	0x254
 643 0242 0D       		.uleb128 0xd
 644 0243 01       		.uleb128 0x1
 645 0244 50       		.byte	0x50
 646 0245 01       		.uleb128 0x1
 647 0246 48       		.byte	0x48
ARM GAS  C:\Users\BEATRI~1\AppData\Local\Temp\ccWN2MyM.s 			page 16


 648 0247 0D       		.uleb128 0xd
 649 0248 01       		.uleb128 0x1
 650 0249 51       		.byte	0x51
 651 024a 02       		.uleb128 0x2
 652 024b 08       		.byte	0x8
 653 024c 20       		.byte	0x20
 654 024d 0D       		.uleb128 0xd
 655 024e 01       		.uleb128 0x1
 656 024f 52       		.byte	0x52
 657 0250 02       		.uleb128 0x2
 658 0251 08       		.byte	0x8
 659 0252 57       		.byte	0x57
 660 0253 00       		.byte	0
 661 0254 0C       		.uleb128 0xc
 662 0255 88000000 		.4byte	.LVL18
 663 0259 77040000 		.4byte	0x477
 664 025d 71020000 		.4byte	0x271
 665 0261 0D       		.uleb128 0xd
 666 0262 01       		.uleb128 0x1
 667 0263 50       		.byte	0x50
 668 0264 02       		.uleb128 0x2
 669 0265 91       		.byte	0x91
 670 0266 44       		.sleb128 -60
 671 0267 0D       		.uleb128 0xd
 672 0268 01       		.uleb128 0x1
 673 0269 51       		.byte	0x51
 674 026a 05       		.uleb128 0x5
 675 026b 03       		.byte	0x3
 676 026c 98000000 		.4byte	.LC4
 677 0270 00       		.byte	0
 678 0271 0C       		.uleb128 0xc
 679 0272 8E000000 		.4byte	.LVL19
 680 0276 82040000 		.4byte	0x482
 681 027a 85020000 		.4byte	0x285
 682 027e 0D       		.uleb128 0xd
 683 027f 01       		.uleb128 0x1
 684 0280 50       		.byte	0x50
 685 0281 02       		.uleb128 0x2
 686 0282 91       		.byte	0x91
 687 0283 44       		.sleb128 -60
 688 0284 00       		.byte	0
 689 0285 0C       		.uleb128 0xc
 690 0286 96000000 		.4byte	.LVL22
 691 028a 82040000 		.4byte	0x482
 692 028e 9C020000 		.4byte	0x29c
 693 0292 0D       		.uleb128 0xd
 694 0293 01       		.uleb128 0x1
 695 0294 50       		.byte	0x50
 696 0295 05       		.uleb128 0x5
 697 0296 03       		.byte	0x3
 698 0297 D0000000 		.4byte	.LC5
 699 029b 00       		.byte	0
 700 029c 0C       		.uleb128 0xc
 701 029d A2000000 		.4byte	.LVL23
 702 02a1 AE040000 		.4byte	0x4ae
 703 02a5 BB020000 		.4byte	0x2bb
 704 02a9 0D       		.uleb128 0xd
ARM GAS  C:\Users\BEATRI~1\AppData\Local\Temp\ccWN2MyM.s 			page 17


 705 02aa 01       		.uleb128 0x1
 706 02ab 50       		.byte	0x50
 707 02ac 01       		.uleb128 0x1
 708 02ad 48       		.byte	0x48
 709 02ae 0D       		.uleb128 0xd
 710 02af 01       		.uleb128 0x1
 711 02b0 51       		.byte	0x51
 712 02b1 02       		.uleb128 0x2
 713 02b2 08       		.byte	0x8
 714 02b3 20       		.byte	0x20
 715 02b4 0D       		.uleb128 0xd
 716 02b5 01       		.uleb128 0x1
 717 02b6 52       		.byte	0x52
 718 02b7 02       		.uleb128 0x2
 719 02b8 91       		.byte	0x91
 720 02b9 43       		.sleb128 -61
 721 02ba 00       		.byte	0
 722 02bb 0C       		.uleb128 0xc
 723 02bc B0000000 		.4byte	.LVL25
 724 02c0 77040000 		.4byte	0x477
 725 02c4 D8020000 		.4byte	0x2d8
 726 02c8 0D       		.uleb128 0xd
 727 02c9 01       		.uleb128 0x1
 728 02ca 50       		.byte	0x50
 729 02cb 02       		.uleb128 0x2
 730 02cc 91       		.byte	0x91
 731 02cd 44       		.sleb128 -60
 732 02ce 0D       		.uleb128 0xd
 733 02cf 01       		.uleb128 0x1
 734 02d0 51       		.byte	0x51
 735 02d1 05       		.uleb128 0x5
 736 02d2 03       		.byte	0x3
 737 02d3 0C010000 		.4byte	.LC6
 738 02d7 00       		.byte	0
 739 02d8 0C       		.uleb128 0xc
 740 02d9 B6000000 		.4byte	.LVL26
 741 02dd 82040000 		.4byte	0x482
 742 02e1 EC020000 		.4byte	0x2ec
 743 02e5 0D       		.uleb128 0xd
 744 02e6 01       		.uleb128 0x1
 745 02e7 50       		.byte	0x50
 746 02e8 02       		.uleb128 0x2
 747 02e9 91       		.byte	0x91
 748 02ea 44       		.sleb128 -60
 749 02eb 00       		.byte	0
 750 02ec 0C       		.uleb128 0xc
 751 02ed BE000000 		.4byte	.LVL29
 752 02f1 82040000 		.4byte	0x482
 753 02f5 03030000 		.4byte	0x303
 754 02f9 0D       		.uleb128 0xd
 755 02fa 01       		.uleb128 0x1
 756 02fb 50       		.byte	0x50
 757 02fc 05       		.uleb128 0x5
 758 02fd 03       		.byte	0x3
 759 02fe 40000000 		.4byte	.LC2
 760 0302 00       		.byte	0
 761 0303 0C       		.uleb128 0xc
ARM GAS  C:\Users\BEATRI~1\AppData\Local\Temp\ccWN2MyM.s 			page 18


 762 0304 CA000000 		.4byte	.LVL30
 763 0308 AE040000 		.4byte	0x4ae
 764 030c 22030000 		.4byte	0x322
 765 0310 0D       		.uleb128 0xd
 766 0311 01       		.uleb128 0x1
 767 0312 50       		.byte	0x50
 768 0313 01       		.uleb128 0x1
 769 0314 48       		.byte	0x48
 770 0315 0D       		.uleb128 0xd
 771 0316 01       		.uleb128 0x1
 772 0317 51       		.byte	0x51
 773 0318 02       		.uleb128 0x2
 774 0319 08       		.byte	0x8
 775 031a 23       		.byte	0x23
 776 031b 0D       		.uleb128 0xd
 777 031c 01       		.uleb128 0x1
 778 031d 52       		.byte	0x52
 779 031e 02       		.uleb128 0x2
 780 031f 91       		.byte	0x91
 781 0320 42       		.sleb128 -62
 782 0321 00       		.byte	0
 783 0322 0C       		.uleb128 0xc
 784 0323 D8000000 		.4byte	.LVL32
 785 0327 77040000 		.4byte	0x477
 786 032b 3F030000 		.4byte	0x33f
 787 032f 0D       		.uleb128 0xd
 788 0330 01       		.uleb128 0x1
 789 0331 50       		.byte	0x50
 790 0332 02       		.uleb128 0x2
 791 0333 91       		.byte	0x91
 792 0334 44       		.sleb128 -60
 793 0335 0D       		.uleb128 0xd
 794 0336 01       		.uleb128 0x1
 795 0337 51       		.byte	0x51
 796 0338 05       		.uleb128 0x5
 797 0339 03       		.byte	0x3
 798 033a 44010000 		.4byte	.LC7
 799 033e 00       		.byte	0
 800 033f 0C       		.uleb128 0xc
 801 0340 DE000000 		.4byte	.LVL33
 802 0344 82040000 		.4byte	0x482
 803 0348 53030000 		.4byte	0x353
 804 034c 0D       		.uleb128 0xd
 805 034d 01       		.uleb128 0x1
 806 034e 50       		.byte	0x50
 807 034f 02       		.uleb128 0x2
 808 0350 91       		.byte	0x91
 809 0351 44       		.sleb128 -60
 810 0352 00       		.byte	0
 811 0353 0C       		.uleb128 0xc
 812 0354 E6000000 		.4byte	.LVL36
 813 0358 82040000 		.4byte	0x482
 814 035c 6A030000 		.4byte	0x36a
 815 0360 0D       		.uleb128 0xd
 816 0361 01       		.uleb128 0x1
 817 0362 50       		.byte	0x50
 818 0363 05       		.uleb128 0x5
ARM GAS  C:\Users\BEATRI~1\AppData\Local\Temp\ccWN2MyM.s 			page 19


 819 0364 03       		.byte	0x3
 820 0365 64010000 		.4byte	.LC8
 821 0369 00       		.byte	0
 822 036a 0C       		.uleb128 0xc
 823 036b F2000000 		.4byte	.LVL37
 824 036f 82040000 		.4byte	0x482
 825 0373 81030000 		.4byte	0x381
 826 0377 0D       		.uleb128 0xd
 827 0378 01       		.uleb128 0x1
 828 0379 50       		.byte	0x50
 829 037a 05       		.uleb128 0x5
 830 037b 03       		.byte	0x3
 831 037c 7C000000 		.4byte	.LC3
 832 0380 00       		.byte	0
 833 0381 0C       		.uleb128 0xc
 834 0382 00010000 		.4byte	.LVL38
 835 0386 B9040000 		.4byte	0x4b9
 836 038a 9F030000 		.4byte	0x39f
 837 038e 0D       		.uleb128 0xd
 838 038f 01       		.uleb128 0x1
 839 0390 50       		.byte	0x50
 840 0391 01       		.uleb128 0x1
 841 0392 48       		.byte	0x48
 842 0393 0D       		.uleb128 0xd
 843 0394 01       		.uleb128 0x1
 844 0395 51       		.byte	0x51
 845 0396 02       		.uleb128 0x2
 846 0397 08       		.byte	0x8
 847 0398 23       		.byte	0x23
 848 0399 0D       		.uleb128 0xd
 849 039a 01       		.uleb128 0x1
 850 039b 52       		.byte	0x52
 851 039c 01       		.uleb128 0x1
 852 039d 30       		.byte	0x30
 853 039e 00       		.byte	0
 854 039f 0C       		.uleb128 0xc
 855 03a0 0E010000 		.4byte	.LVL40
 856 03a4 77040000 		.4byte	0x477
 857 03a8 BC030000 		.4byte	0x3bc
 858 03ac 0D       		.uleb128 0xd
 859 03ad 01       		.uleb128 0x1
 860 03ae 50       		.byte	0x50
 861 03af 02       		.uleb128 0x2
 862 03b0 91       		.byte	0x91
 863 03b1 44       		.sleb128 -60
 864 03b2 0D       		.uleb128 0xd
 865 03b3 01       		.uleb128 0x1
 866 03b4 51       		.byte	0x51
 867 03b5 05       		.uleb128 0x5
 868 03b6 03       		.byte	0x3
 869 03b7 A0010000 		.4byte	.LC9
 870 03bb 00       		.byte	0
 871 03bc 0C       		.uleb128 0xc
 872 03bd 14010000 		.4byte	.LVL41
 873 03c1 82040000 		.4byte	0x482
 874 03c5 D0030000 		.4byte	0x3d0
 875 03c9 0D       		.uleb128 0xd
ARM GAS  C:\Users\BEATRI~1\AppData\Local\Temp\ccWN2MyM.s 			page 20


 876 03ca 01       		.uleb128 0x1
 877 03cb 50       		.byte	0x50
 878 03cc 02       		.uleb128 0x2
 879 03cd 91       		.byte	0x91
 880 03ce 44       		.sleb128 -60
 881 03cf 00       		.byte	0
 882 03d0 0C       		.uleb128 0xc
 883 03d1 1C010000 		.4byte	.LVL44
 884 03d5 82040000 		.4byte	0x482
 885 03d9 E7030000 		.4byte	0x3e7
 886 03dd 0D       		.uleb128 0xd
 887 03de 01       		.uleb128 0x1
 888 03df 50       		.byte	0x50
 889 03e0 05       		.uleb128 0x5
 890 03e1 03       		.byte	0x3
 891 03e2 D8010000 		.4byte	.LC10
 892 03e6 00       		.byte	0
 893 03e7 0C       		.uleb128 0xc
 894 03e8 28010000 		.4byte	.LVL45
 895 03ec AE040000 		.4byte	0x4ae
 896 03f0 06040000 		.4byte	0x406
 897 03f4 0D       		.uleb128 0xd
 898 03f5 01       		.uleb128 0x1
 899 03f6 50       		.byte	0x50
 900 03f7 01       		.uleb128 0x1
 901 03f8 48       		.byte	0x48
 902 03f9 0D       		.uleb128 0xd
 903 03fa 01       		.uleb128 0x1
 904 03fb 51       		.byte	0x51
 905 03fc 02       		.uleb128 0x2
 906 03fd 08       		.byte	0x8
 907 03fe 23       		.byte	0x23
 908 03ff 0D       		.uleb128 0xd
 909 0400 01       		.uleb128 0x1
 910 0401 52       		.byte	0x52
 911 0402 02       		.uleb128 0x2
 912 0403 91       		.byte	0x91
 913 0404 42       		.sleb128 -62
 914 0405 00       		.byte	0
 915 0406 0C       		.uleb128 0xc
 916 0407 36010000 		.4byte	.LVL47
 917 040b 77040000 		.4byte	0x477
 918 040f 23040000 		.4byte	0x423
 919 0413 0D       		.uleb128 0xd
 920 0414 01       		.uleb128 0x1
 921 0415 50       		.byte	0x50
 922 0416 02       		.uleb128 0x2
 923 0417 91       		.byte	0x91
 924 0418 44       		.sleb128 -60
 925 0419 0D       		.uleb128 0xd
 926 041a 01       		.uleb128 0x1
 927 041b 51       		.byte	0x51
 928 041c 05       		.uleb128 0x5
 929 041d 03       		.byte	0x3
 930 041e 14020000 		.4byte	.LC11
 931 0422 00       		.byte	0
 932 0423 0C       		.uleb128 0xc
ARM GAS  C:\Users\BEATRI~1\AppData\Local\Temp\ccWN2MyM.s 			page 21


 933 0424 3C010000 		.4byte	.LVL48
 934 0428 82040000 		.4byte	0x482
 935 042c 37040000 		.4byte	0x437
 936 0430 0D       		.uleb128 0xd
 937 0431 01       		.uleb128 0x1
 938 0432 50       		.byte	0x50
 939 0433 02       		.uleb128 0x2
 940 0434 91       		.byte	0x91
 941 0435 44       		.sleb128 -60
 942 0436 00       		.byte	0
 943 0437 0E       		.uleb128 0xe
 944 0438 44010000 		.4byte	.LVL51
 945 043c 82040000 		.4byte	0x482
 946 0440 0D       		.uleb128 0xd
 947 0441 01       		.uleb128 0x1
 948 0442 50       		.byte	0x50
 949 0443 05       		.uleb128 0x5
 950 0444 03       		.byte	0x3
 951 0445 64010000 		.4byte	.LC8
 952 0449 00       		.byte	0
 953 044a 00       		.byte	0
 954 044b 10       		.uleb128 0x10
 955 044c A5000000 		.4byte	0xa5
 956 0450 5B040000 		.4byte	0x45b
 957 0454 11       		.uleb128 0x11
 958 0455 D7000000 		.4byte	0xd7
 959 0459 31       		.byte	0x31
 960 045a 00       		.byte	0
 961 045b 12       		.uleb128 0x12
 962 045c 17010000 		.4byte	.LASF37
 963 0460 09       		.byte	0x9
 964 0461 1207     		.2byte	0x712
 965 0463 67040000 		.4byte	0x467
 966 0467 13       		.uleb128 0x13
 967 0468 8C000000 		.4byte	0x8c
 968 046c 14       		.uleb128 0x14
 969 046d 12000000 		.4byte	.LASF25
 970 0471 12000000 		.4byte	.LASF25
 971 0475 05       		.byte	0x5
 972 0476 5D       		.byte	0x5d
 973 0477 14       		.uleb128 0x14
 974 0478 A0020000 		.4byte	.LASF26
 975 047c A0020000 		.4byte	.LASF26
 976 0480 06       		.byte	0x6
 977 0481 E7       		.byte	0xe7
 978 0482 14       		.uleb128 0x14
 979 0483 2B010000 		.4byte	.LASF27
 980 0487 2B010000 		.4byte	.LASF27
 981 048b 07       		.byte	0x7
 982 048c 8B       		.byte	0x8b
 983 048d 14       		.uleb128 0x14
 984 048e B0020000 		.4byte	.LASF28
 985 0492 B0020000 		.4byte	.LASF28
 986 0496 05       		.byte	0x5
 987 0497 17       		.byte	0x17
 988 0498 14       		.uleb128 0x14
 989 0499 36020000 		.4byte	.LASF29
ARM GAS  C:\Users\BEATRI~1\AppData\Local\Temp\ccWN2MyM.s 			page 22


 990 049d 36020000 		.4byte	.LASF29
 991 04a1 07       		.byte	0x7
 992 04a2 54       		.byte	0x54
 993 04a3 14       		.uleb128 0x14
 994 04a4 A8020000 		.4byte	.LASF30
 995 04a8 A8020000 		.4byte	.LASF30
 996 04ac 08       		.byte	0x8
 997 04ad 76       		.byte	0x76
 998 04ae 14       		.uleb128 0x14
 999 04af 53020000 		.4byte	.LASF31
 1000 04b3 53020000 		.4byte	.LASF31
 1001 04b7 05       		.byte	0x5
 1002 04b8 28       		.byte	0x28
 1003 04b9 14       		.uleb128 0x14
 1004 04ba 40010000 		.4byte	.LASF32
 1005 04be 40010000 		.4byte	.LASF32
 1006 04c2 05       		.byte	0x5
 1007 04c3 43       		.byte	0x43
 1008 04c4 00       		.byte	0
 1009              		.section	.debug_abbrev,"",%progbits
 1010              	.Ldebug_abbrev0:
 1011 0000 01       		.uleb128 0x1
 1012 0001 11       		.uleb128 0x11
 1013 0002 01       		.byte	0x1
 1014 0003 25       		.uleb128 0x25
 1015 0004 0E       		.uleb128 0xe
 1016 0005 13       		.uleb128 0x13
 1017 0006 0B       		.uleb128 0xb
 1018 0007 03       		.uleb128 0x3
 1019 0008 0E       		.uleb128 0xe
 1020 0009 1B       		.uleb128 0x1b
 1021 000a 0E       		.uleb128 0xe
 1022 000b 55       		.uleb128 0x55
 1023 000c 17       		.uleb128 0x17
 1024 000d 11       		.uleb128 0x11
 1025 000e 01       		.uleb128 0x1
 1026 000f 10       		.uleb128 0x10
 1027 0010 17       		.uleb128 0x17
 1028 0011 00       		.byte	0
 1029 0012 00       		.byte	0
 1030 0013 02       		.uleb128 0x2
 1031 0014 24       		.uleb128 0x24
 1032 0015 00       		.byte	0
 1033 0016 0B       		.uleb128 0xb
 1034 0017 0B       		.uleb128 0xb
 1035 0018 3E       		.uleb128 0x3e
 1036 0019 0B       		.uleb128 0xb
 1037 001a 03       		.uleb128 0x3
 1038 001b 0E       		.uleb128 0xe
 1039 001c 00       		.byte	0
 1040 001d 00       		.byte	0
 1041 001e 03       		.uleb128 0x3
 1042 001f 16       		.uleb128 0x16
 1043 0020 00       		.byte	0
 1044 0021 03       		.uleb128 0x3
 1045 0022 0E       		.uleb128 0xe
 1046 0023 3A       		.uleb128 0x3a
ARM GAS  C:\Users\BEATRI~1\AppData\Local\Temp\ccWN2MyM.s 			page 23


 1047 0024 0B       		.uleb128 0xb
 1048 0025 3B       		.uleb128 0x3b
 1049 0026 0B       		.uleb128 0xb
 1050 0027 49       		.uleb128 0x49
 1051 0028 13       		.uleb128 0x13
 1052 0029 00       		.byte	0
 1053 002a 00       		.byte	0
 1054 002b 04       		.uleb128 0x4
 1055 002c 24       		.uleb128 0x24
 1056 002d 00       		.byte	0
 1057 002e 0B       		.uleb128 0xb
 1058 002f 0B       		.uleb128 0xb
 1059 0030 3E       		.uleb128 0x3e
 1060 0031 0B       		.uleb128 0xb
 1061 0032 03       		.uleb128 0x3
 1062 0033 08       		.uleb128 0x8
 1063 0034 00       		.byte	0
 1064 0035 00       		.byte	0
 1065 0036 05       		.uleb128 0x5
 1066 0037 04       		.uleb128 0x4
 1067 0038 01       		.byte	0x1
 1068 0039 0B       		.uleb128 0xb
 1069 003a 0B       		.uleb128 0xb
 1070 003b 49       		.uleb128 0x49
 1071 003c 13       		.uleb128 0x13
 1072 003d 3A       		.uleb128 0x3a
 1073 003e 0B       		.uleb128 0xb
 1074 003f 3B       		.uleb128 0x3b
 1075 0040 0B       		.uleb128 0xb
 1076 0041 01       		.uleb128 0x1
 1077 0042 13       		.uleb128 0x13
 1078 0043 00       		.byte	0
 1079 0044 00       		.byte	0
 1080 0045 06       		.uleb128 0x6
 1081 0046 28       		.uleb128 0x28
 1082 0047 00       		.byte	0
 1083 0048 03       		.uleb128 0x3
 1084 0049 0E       		.uleb128 0xe
 1085 004a 1C       		.uleb128 0x1c
 1086 004b 0B       		.uleb128 0xb
 1087 004c 00       		.byte	0
 1088 004d 00       		.byte	0
 1089 004e 07       		.uleb128 0x7
 1090 004f 2E       		.uleb128 0x2e
 1091 0050 01       		.byte	0x1
 1092 0051 3F       		.uleb128 0x3f
 1093 0052 19       		.uleb128 0x19
 1094 0053 03       		.uleb128 0x3
 1095 0054 0E       		.uleb128 0xe
 1096 0055 3A       		.uleb128 0x3a
 1097 0056 0B       		.uleb128 0xb
 1098 0057 3B       		.uleb128 0x3b
 1099 0058 0B       		.uleb128 0xb
 1100 0059 27       		.uleb128 0x27
 1101 005a 19       		.uleb128 0x19
 1102 005b 49       		.uleb128 0x49
 1103 005c 13       		.uleb128 0x13
ARM GAS  C:\Users\BEATRI~1\AppData\Local\Temp\ccWN2MyM.s 			page 24


 1104 005d 8701     		.uleb128 0x87
 1105 005f 19       		.uleb128 0x19
 1106 0060 11       		.uleb128 0x11
 1107 0061 01       		.uleb128 0x1
 1108 0062 12       		.uleb128 0x12
 1109 0063 06       		.uleb128 0x6
 1110 0064 40       		.uleb128 0x40
 1111 0065 18       		.uleb128 0x18
 1112 0066 9742     		.uleb128 0x2117
 1113 0068 19       		.uleb128 0x19
 1114 0069 01       		.uleb128 0x1
 1115 006a 13       		.uleb128 0x13
 1116 006b 00       		.byte	0
 1117 006c 00       		.byte	0
 1118 006d 08       		.uleb128 0x8
 1119 006e 34       		.uleb128 0x34
 1120 006f 00       		.byte	0
 1121 0070 03       		.uleb128 0x3
 1122 0071 0E       		.uleb128 0xe
 1123 0072 3A       		.uleb128 0x3a
 1124 0073 0B       		.uleb128 0xb
 1125 0074 3B       		.uleb128 0x3b
 1126 0075 0B       		.uleb128 0xb
 1127 0076 49       		.uleb128 0x49
 1128 0077 13       		.uleb128 0x13
 1129 0078 02       		.uleb128 0x2
 1130 0079 18       		.uleb128 0x18
 1131 007a 00       		.byte	0
 1132 007b 00       		.byte	0
 1133 007c 09       		.uleb128 0x9
 1134 007d 34       		.uleb128 0x34
 1135 007e 00       		.byte	0
 1136 007f 03       		.uleb128 0x3
 1137 0080 0E       		.uleb128 0xe
 1138 0081 3A       		.uleb128 0x3a
 1139 0082 0B       		.uleb128 0xb
 1140 0083 3B       		.uleb128 0x3b
 1141 0084 0B       		.uleb128 0xb
 1142 0085 49       		.uleb128 0x49
 1143 0086 13       		.uleb128 0x13
 1144 0087 02       		.uleb128 0x2
 1145 0088 17       		.uleb128 0x17
 1146 0089 00       		.byte	0
 1147 008a 00       		.byte	0
 1148 008b 0A       		.uleb128 0xa
 1149 008c 0B       		.uleb128 0xb
 1150 008d 01       		.byte	0x1
 1151 008e 11       		.uleb128 0x11
 1152 008f 01       		.uleb128 0x1
 1153 0090 12       		.uleb128 0x12
 1154 0091 06       		.uleb128 0x6
 1155 0092 01       		.uleb128 0x1
 1156 0093 13       		.uleb128 0x13
 1157 0094 00       		.byte	0
 1158 0095 00       		.byte	0
 1159 0096 0B       		.uleb128 0xb
 1160 0097 34       		.uleb128 0x34
ARM GAS  C:\Users\BEATRI~1\AppData\Local\Temp\ccWN2MyM.s 			page 25


 1161 0098 00       		.byte	0
 1162 0099 03       		.uleb128 0x3
 1163 009a 08       		.uleb128 0x8
 1164 009b 3A       		.uleb128 0x3a
 1165 009c 0B       		.uleb128 0xb
 1166 009d 3B       		.uleb128 0x3b
 1167 009e 0B       		.uleb128 0xb
 1168 009f 49       		.uleb128 0x49
 1169 00a0 13       		.uleb128 0x13
 1170 00a1 02       		.uleb128 0x2
 1171 00a2 17       		.uleb128 0x17
 1172 00a3 00       		.byte	0
 1173 00a4 00       		.byte	0
 1174 00a5 0C       		.uleb128 0xc
 1175 00a6 898201   		.uleb128 0x4109
 1176 00a9 01       		.byte	0x1
 1177 00aa 11       		.uleb128 0x11
 1178 00ab 01       		.uleb128 0x1
 1179 00ac 31       		.uleb128 0x31
 1180 00ad 13       		.uleb128 0x13
 1181 00ae 01       		.uleb128 0x1
 1182 00af 13       		.uleb128 0x13
 1183 00b0 00       		.byte	0
 1184 00b1 00       		.byte	0
 1185 00b2 0D       		.uleb128 0xd
 1186 00b3 8A8201   		.uleb128 0x410a
 1187 00b6 00       		.byte	0
 1188 00b7 02       		.uleb128 0x2
 1189 00b8 18       		.uleb128 0x18
 1190 00b9 9142     		.uleb128 0x2111
 1191 00bb 18       		.uleb128 0x18
 1192 00bc 00       		.byte	0
 1193 00bd 00       		.byte	0
 1194 00be 0E       		.uleb128 0xe
 1195 00bf 898201   		.uleb128 0x4109
 1196 00c2 01       		.byte	0x1
 1197 00c3 11       		.uleb128 0x11
 1198 00c4 01       		.uleb128 0x1
 1199 00c5 31       		.uleb128 0x31
 1200 00c6 13       		.uleb128 0x13
 1201 00c7 00       		.byte	0
 1202 00c8 00       		.byte	0
 1203 00c9 0F       		.uleb128 0xf
 1204 00ca 898201   		.uleb128 0x4109
 1205 00cd 00       		.byte	0
 1206 00ce 11       		.uleb128 0x11
 1207 00cf 01       		.uleb128 0x1
 1208 00d0 31       		.uleb128 0x31
 1209 00d1 13       		.uleb128 0x13
 1210 00d2 00       		.byte	0
 1211 00d3 00       		.byte	0
 1212 00d4 10       		.uleb128 0x10
 1213 00d5 01       		.uleb128 0x1
 1214 00d6 01       		.byte	0x1
 1215 00d7 49       		.uleb128 0x49
 1216 00d8 13       		.uleb128 0x13
 1217 00d9 01       		.uleb128 0x1
ARM GAS  C:\Users\BEATRI~1\AppData\Local\Temp\ccWN2MyM.s 			page 26


 1218 00da 13       		.uleb128 0x13
 1219 00db 00       		.byte	0
 1220 00dc 00       		.byte	0
 1221 00dd 11       		.uleb128 0x11
 1222 00de 21       		.uleb128 0x21
 1223 00df 00       		.byte	0
 1224 00e0 49       		.uleb128 0x49
 1225 00e1 13       		.uleb128 0x13
 1226 00e2 2F       		.uleb128 0x2f
 1227 00e3 0B       		.uleb128 0xb
 1228 00e4 00       		.byte	0
 1229 00e5 00       		.byte	0
 1230 00e6 12       		.uleb128 0x12
 1231 00e7 34       		.uleb128 0x34
 1232 00e8 00       		.byte	0
 1233 00e9 03       		.uleb128 0x3
 1234 00ea 0E       		.uleb128 0xe
 1235 00eb 3A       		.uleb128 0x3a
 1236 00ec 0B       		.uleb128 0xb
 1237 00ed 3B       		.uleb128 0x3b
 1238 00ee 05       		.uleb128 0x5
 1239 00ef 49       		.uleb128 0x49
 1240 00f0 13       		.uleb128 0x13
 1241 00f1 3F       		.uleb128 0x3f
 1242 00f2 19       		.uleb128 0x19
 1243 00f3 3C       		.uleb128 0x3c
 1244 00f4 19       		.uleb128 0x19
 1245 00f5 00       		.byte	0
 1246 00f6 00       		.byte	0
 1247 00f7 13       		.uleb128 0x13
 1248 00f8 35       		.uleb128 0x35
 1249 00f9 00       		.byte	0
 1250 00fa 49       		.uleb128 0x49
 1251 00fb 13       		.uleb128 0x13
 1252 00fc 00       		.byte	0
 1253 00fd 00       		.byte	0
 1254 00fe 14       		.uleb128 0x14
 1255 00ff 2E       		.uleb128 0x2e
 1256 0100 00       		.byte	0
 1257 0101 3F       		.uleb128 0x3f
 1258 0102 19       		.uleb128 0x19
 1259 0103 3C       		.uleb128 0x3c
 1260 0104 19       		.uleb128 0x19
 1261 0105 6E       		.uleb128 0x6e
 1262 0106 0E       		.uleb128 0xe
 1263 0107 03       		.uleb128 0x3
 1264 0108 0E       		.uleb128 0xe
 1265 0109 3A       		.uleb128 0x3a
 1266 010a 0B       		.uleb128 0xb
 1267 010b 3B       		.uleb128 0x3b
 1268 010c 0B       		.uleb128 0xb
 1269 010d 00       		.byte	0
 1270 010e 00       		.byte	0
 1271 010f 00       		.byte	0
 1272              		.section	.debug_loc,"",%progbits
 1273              	.Ldebug_loc0:
 1274              	.LLST0:
ARM GAS  C:\Users\BEATRI~1\AppData\Local\Temp\ccWN2MyM.s 			page 27


 1275 0000 42000000 		.4byte	.LVL8
 1276 0004 4C000000 		.4byte	.LVL9
 1277 0008 0100     		.2byte	0x1
 1278 000a 50       		.byte	0x50
 1279 000b 58000000 		.4byte	.LVL12
 1280 000f 5A000000 		.4byte	.LVL13
 1281 0013 0100     		.2byte	0x1
 1282 0015 50       		.byte	0x50
 1283 0016 7A000000 		.4byte	.LVL16
 1284 001a 84000000 		.4byte	.LVL17
 1285 001e 0100     		.2byte	0x1
 1286 0020 50       		.byte	0x50
 1287 0021 90000000 		.4byte	.LVL20
 1288 0025 92000000 		.4byte	.LVL21
 1289 0029 0100     		.2byte	0x1
 1290 002b 50       		.byte	0x50
 1291 002c A2000000 		.4byte	.LVL23
 1292 0030 AC000000 		.4byte	.LVL24
 1293 0034 0100     		.2byte	0x1
 1294 0036 50       		.byte	0x50
 1295 0037 B8000000 		.4byte	.LVL27
 1296 003b BA000000 		.4byte	.LVL28
 1297 003f 0100     		.2byte	0x1
 1298 0041 50       		.byte	0x50
 1299 0042 CA000000 		.4byte	.LVL30
 1300 0046 D4000000 		.4byte	.LVL31
 1301 004a 0100     		.2byte	0x1
 1302 004c 50       		.byte	0x50
 1303 004d E0000000 		.4byte	.LVL34
 1304 0051 E2000000 		.4byte	.LVL35
 1305 0055 0100     		.2byte	0x1
 1306 0057 50       		.byte	0x50
 1307 0058 00010000 		.4byte	.LVL38
 1308 005c 0A010000 		.4byte	.LVL39
 1309 0060 0100     		.2byte	0x1
 1310 0062 50       		.byte	0x50
 1311 0063 16010000 		.4byte	.LVL42
 1312 0067 18010000 		.4byte	.LVL43
 1313 006b 0100     		.2byte	0x1
 1314 006d 50       		.byte	0x50
 1315 006e 28010000 		.4byte	.LVL45
 1316 0072 32010000 		.4byte	.LVL46
 1317 0076 0100     		.2byte	0x1
 1318 0078 50       		.byte	0x50
 1319 0079 3E010000 		.4byte	.LVL49
 1320 007d 40010000 		.4byte	.LVL50
 1321 0081 0100     		.2byte	0x1
 1322 0083 50       		.byte	0x50
 1323 0084 00000000 		.4byte	0
 1324 0088 00000000 		.4byte	0
 1325              	.LLST1:
 1326 008c 14000000 		.4byte	.LVL2
 1327 0090 18000000 		.4byte	.LVL3
 1328 0094 0200     		.2byte	0x2
 1329 0096 30       		.byte	0x30
 1330 0097 9F       		.byte	0x9f
 1331 0098 18000000 		.4byte	.LVL3
ARM GAS  C:\Users\BEATRI~1\AppData\Local\Temp\ccWN2MyM.s 			page 28


 1332 009c 78010000 		.4byte	.LFE64
 1333 00a0 0100     		.2byte	0x1
 1334 00a2 54       		.byte	0x54
 1335 00a3 00000000 		.4byte	0
 1336 00a7 00000000 		.4byte	0
 1337              		.section	.debug_aranges,"",%progbits
 1338 0000 1C000000 		.4byte	0x1c
 1339 0004 0200     		.2byte	0x2
 1340 0006 00000000 		.4byte	.Ldebug_info0
 1341 000a 04       		.byte	0x4
 1342 000b 00       		.byte	0
 1343 000c 0000     		.2byte	0
 1344 000e 0000     		.2byte	0
 1345 0010 00000000 		.4byte	.LFB64
 1346 0014 78010000 		.4byte	.LFE64-.LFB64
 1347 0018 00000000 		.4byte	0
 1348 001c 00000000 		.4byte	0
 1349              		.section	.debug_ranges,"",%progbits
 1350              	.Ldebug_ranges0:
 1351 0000 00000000 		.4byte	.LFB64
 1352 0004 78010000 		.4byte	.LFE64
 1353 0008 00000000 		.4byte	0
 1354 000c 00000000 		.4byte	0
 1355              		.section	.debug_line,"",%progbits
 1356              	.Ldebug_line0:
 1357 0000 41020000 		.section	.debug_str,"MS",%progbits,1
 1357      0200F001 
 1357      00000201 
 1357      FB0E0D00 
 1357      01010101 
 1358              	.LASF21:
 1359 0000 6D657373 		.ascii	"message\000"
 1359      61676500 
 1360              	.LASF4:
 1361 0008 5F5F7569 		.ascii	"__uint8_t\000"
 1361      6E74385F 
 1361      7400
 1362              	.LASF25:
 1363 0012 4932435F 		.ascii	"I2C_Peripheral_IsDeviceConnected\000"
 1363      50657269 
 1363      70686572 
 1363      616C5F49 
 1363      73446576 
 1364              	.LASF5:
 1365 0033 5F5F696E 		.ascii	"__int32_t\000"
 1365      7433325F 
 1365      7400
 1366              	.LASF6:
 1367 003d 6C6F6E67 		.ascii	"long int\000"
 1367      20696E74 
 1367      00
 1368              	.LASF18:
 1369 0046 4572726F 		.ascii	"ErrorCode\000"
 1369      72436F64 
 1369      6500
 1370              	.LASF13:
 1371 0050 666C6F61 		.ascii	"float\000"
ARM GAS  C:\Users\BEATRI~1\AppData\Local\Temp\ccWN2MyM.s 			page 29


 1371      7400
 1372              	.LASF1:
 1373 0056 756E7369 		.ascii	"unsigned char\000"
 1373      676E6564 
 1373      20636861 
 1373      7200
 1374              	.LASF33:
 1375 0064 474E5520 		.ascii	"GNU C11 5.4.1 20160609 (release) [ARM/embedded-5-br"
 1375      43313120 
 1375      352E342E 
 1375      31203230 
 1375      31363036 
 1376 0097 616E6368 		.ascii	"anch revision 237715] -mcpu=cortex-m3 -mthumb -g -O"
 1376      20726576 
 1376      6973696F 
 1376      6E203233 
 1376      37373135 
 1377 00ca 67202D66 		.ascii	"g -ffunction-sections -ffat-lto-objects\000"
 1377      66756E63 
 1377      74696F6E 
 1377      2D736563 
 1377      74696F6E 
 1378              	.LASF7:
 1379 00f2 6C6F6E67 		.ascii	"long unsigned int\000"
 1379      20756E73 
 1379      69676E65 
 1379      6420696E 
 1379      7400
 1380              	.LASF3:
 1381 0104 73686F72 		.ascii	"short unsigned int\000"
 1381      7420756E 
 1381      7369676E 
 1381      65642069 
 1381      6E7400
 1382              	.LASF37:
 1383 0117 49544D5F 		.ascii	"ITM_RxBuffer\000"
 1383      52784275 
 1383      66666572 
 1383      00
 1384              	.LASF14:
 1385 0124 646F7562 		.ascii	"double\000"
 1385      6C6500
 1386              	.LASF27:
 1387 012b 55415254 		.ascii	"UART_Debug_PutString\000"
 1387      5F446562 
 1387      75675F50 
 1387      75745374 
 1387      72696E67 
 1388              	.LASF32:
 1389 0140 4932435F 		.ascii	"I2C_Peripheral_WriteRegister\000"
 1389      50657269 
 1389      70686572 
 1389      616C5F57 
 1389      72697465 
 1390              	.LASF36:
 1391 015d 6D61696E 		.ascii	"main\000"
 1391      00
ARM GAS  C:\Users\BEATRI~1\AppData\Local\Temp\ccWN2MyM.s 			page 30


 1392              	.LASF35:
 1393 0162 433A5C55 		.ascii	"C:\\Users\\Beatrice Bonomi\\Desktop\\PSoC_03_Comple"
 1393      73657273 
 1393      5C426561 
 1393      74726963 
 1393      6520426F 
 1394 0191 74655C41 		.ascii	"te\\AY1920_II_HW_05_BONOMI_BEATRICE\\AY1920_II_HW_0"
 1394      59313932 
 1394      305F4949 
 1394      5F48575F 
 1394      30355F42 
 1395 01c2 355F5052 		.ascii	"5_PROJ_2.cydsn\000"
 1395      4F4A5F32 
 1395      2E637964 
 1395      736E00
 1396              	.LASF23:
 1397 01d1 6374726C 		.ascii	"ctrl_reg1\000"
 1397      5F726567 
 1397      3100
 1398              	.LASF24:
 1399 01db 6374726C 		.ascii	"ctrl_reg4\000"
 1399      5F726567 
 1399      3400
 1400              	.LASF10:
 1401 01e5 756E7369 		.ascii	"unsigned int\000"
 1401      676E6564 
 1401      20696E74 
 1401      00
 1402              	.LASF9:
 1403 01f2 6C6F6E67 		.ascii	"long long unsigned int\000"
 1403      206C6F6E 
 1403      6720756E 
 1403      7369676E 
 1403      65642069 
 1404              	.LASF11:
 1405 0209 75696E74 		.ascii	"uint8_t\000"
 1405      385F7400 
 1406              	.LASF12:
 1407 0211 696E7433 		.ascii	"int32_t\000"
 1407      325F7400 
 1408              	.LASF20:
 1409 0219 73697A65 		.ascii	"sizetype\000"
 1409      74797065 
 1409      00
 1410              	.LASF22:
 1411 0222 6572726F 		.ascii	"error\000"
 1411      7200
 1412              	.LASF8:
 1413 0228 6C6F6E67 		.ascii	"long long int\000"
 1413      206C6F6E 
 1413      6720696E 
 1413      7400
 1414              	.LASF29:
 1415 0236 55415254 		.ascii	"UART_Debug_Start\000"
 1415      5F446562 
 1415      75675F53 
 1415      74617274 
ARM GAS  C:\Users\BEATRI~1\AppData\Local\Temp\ccWN2MyM.s 			page 31


 1415      00
 1416              	.LASF34:
 1417 0247 6D61696E 		.ascii	"main.c\000"
 1417      2E6300
 1418              	.LASF15:
 1419 024e 63686172 		.ascii	"char\000"
 1419      00
 1420              	.LASF31:
 1421 0253 4932435F 		.ascii	"I2C_Peripheral_ReadRegister\000"
 1421      50657269 
 1421      70686572 
 1421      616C5F52 
 1421      65616452 
 1422              	.LASF2:
 1423 026f 73686F72 		.ascii	"short int\000"
 1423      7420696E 
 1423      7400
 1424              	.LASF16:
 1425 0279 4E4F5F45 		.ascii	"NO_ERROR\000"
 1425      52524F52 
 1425      00
 1426              	.LASF17:
 1427 0282 4552524F 		.ascii	"ERROR\000"
 1427      5200
 1428              	.LASF19:
 1429 0288 6C6F6E67 		.ascii	"long double\000"
 1429      20646F75 
 1429      626C6500 
 1430              	.LASF0:
 1431 0294 7369676E 		.ascii	"signed char\000"
 1431      65642063 
 1431      68617200 
 1432              	.LASF26:
 1433 02a0 73707269 		.ascii	"sprintf\000"
 1433      6E746600 
 1434              	.LASF30:
 1435 02a8 43794465 		.ascii	"CyDelay\000"
 1435      6C617900 
 1436              	.LASF28:
 1437 02b0 4932435F 		.ascii	"I2C_Peripheral_Start\000"
 1437      50657269 
 1437      70686572 
 1437      616C5F53 
 1437      74617274 
 1438              		.ident	"GCC: (GNU Tools for ARM Embedded Processors) 5.4.1 20160609 (release) [ARM/embedded-5-bran
